<?xml version="1.0" encoding="UTF-8"?>
<testsuite xmlns:xsi="http://www.w3.org/2001/XMLSchema-instance" xsi:noNamespaceSchemaLocation="https://maven.apache.org/surefire/maven-surefire-plugin/xsd/surefire-test-report.xsd" name="com.lola.digiccy.test.TestClient" time="0.005" tests="0" errors="0" skipped="0" failures="0">
  <properties>
    <property name="sun.desktop" value="windows"/>
    <property name="awt.toolkit" value="sun.awt.windows.WToolkit"/>
    <property name="file.encoding.pkg" value="sun.io"/>
    <property name="java.specification.version" value="1.8"/>
    <property name="sun.cpu.isalist" value="amd64"/>
    <property name="sun.jnu.encoding" value="GBK"/>
    <property name="java.class.path" value="E:\project\payment-sdk-parent\pay-core\target\test-classes;E:\project\payment-sdk-parent\pay-core\target\classes;E:\Dev-maven-repository\io\swagger\swagger-annotations\1.5.21\swagger-annotations-1.5.21.jar;E:\Dev-maven-repository\io\swagger\swagger-models\1.5.21\swagger-models-1.5.21.jar;E:\Dev-maven-repository\com\fasterxml\jackson\core\jackson-annotations\2.9.0\jackson-annotations-2.9.0.jar;E:\Dev-maven-repository\org\slf4j\slf4j-api\1.7.25\slf4j-api-1.7.25.jar;E:\Dev-maven-repository\org\projectlombok\lombok\1.18.10\lombok-1.18.10.jar;E:\Dev-maven-repository\org\hibernate\validator\hibernate-validator\6.1.5.Final\hibernate-validator-6.1.5.Final.jar;E:\Dev-maven-repository\jakarta\validation\jakarta.validation-api\2.0.2\jakarta.validation-api-2.0.2.jar;E:\Dev-maven-repository\org\jboss\logging\jboss-logging\3.3.2.Final\jboss-logging-3.3.2.Final.jar;E:\Dev-maven-repository\com\fasterxml\classmate\1.3.4\classmate-1.3.4.jar;E:\Dev-maven-repository\com\squareup\okhttp3\okhttp\4.9.0\okhttp-4.9.0.jar;E:\Dev-maven-repository\com\squareup\okio\okio\2.8.0\okio-2.8.0.jar;E:\Dev-maven-repository\org\jetbrains\kotlin\kotlin-stdlib\1.3.70\kotlin-stdlib-1.3.70.jar;E:\Dev-maven-repository\org\jetbrains\kotlin\kotlin-stdlib-common\1.3.70\kotlin-stdlib-common-1.3.70.jar;E:\Dev-maven-repository\org\jetbrains\annotations\13.0\annotations-13.0.jar;E:\Dev-maven-repository\com\google\code\gson\gson\2.8.5\gson-2.8.5.jar;E:\Dev-maven-repository\org\apache\commons\commons-lang3\3.6\commons-lang3-3.6.jar;E:\Dev-maven-repository\commons-collections\commons-collections\3.2\commons-collections-3.2.jar;E:\Dev-maven-repository\commons-codec\commons-codec\1.10\commons-codec-1.10.jar;"/>
    <property name="java.vm.vendor" value="Oracle Corporation"/>
    <property name="sun.arch.data.model" value="64"/>
    <property name="user.variant" value=""/>
    <property name="java.vendor.url" value="http://java.oracle.com/"/>
    <property name="user.timezone" value=""/>
    <property name="java.vm.specification.version" value="1.8"/>
    <property name="os.name" value="Windows 10"/>
    <property name="user.country" value="CN"/>
    <property name="sun.java.launcher" value="SUN_STANDARD"/>
    <property name="sun.boot.library.path" value="C:\Program Files\Java\jdk1.8.0_161\jre\bin"/>
    <property name="sun.java.command" value="C:\Users\MECHREVO\AppData\Local\Temp\surefire566623912707083\surefirebooter9126777473874162930.jar C:\Users\MECHREVO\AppData\Local\Temp\surefire566623912707083 2021-07-23T11-31-33_860-jvmRun1 surefire5557720320599761758tmp surefire_08037277928630465984tmp"/>
    <property name="surefire.test.class.path" value="E:\project\payment-sdk-parent\pay-core\target\test-classes;E:\project\payment-sdk-parent\pay-core\target\classes;E:\Dev-maven-repository\io\swagger\swagger-annotations\1.5.21\swagger-annotations-1.5.21.jar;E:\Dev-maven-repository\io\swagger\swagger-models\1.5.21\swagger-models-1.5.21.jar;E:\Dev-maven-repository\com\fasterxml\jackson\core\jackson-annotations\2.9.0\jackson-annotations-2.9.0.jar;E:\Dev-maven-repository\org\slf4j\slf4j-api\1.7.25\slf4j-api-1.7.25.jar;E:\Dev-maven-repository\org\projectlombok\lombok\1.18.10\lombok-1.18.10.jar;E:\Dev-maven-repository\org\hibernate\validator\hibernate-validator\6.1.5.Final\hibernate-validator-6.1.5.Final.jar;E:\Dev-maven-repository\jakarta\validation\jakarta.validation-api\2.0.2\jakarta.validation-api-2.0.2.jar;E:\Dev-maven-repository\org\jboss\logging\jboss-logging\3.3.2.Final\jboss-logging-3.3.2.Final.jar;E:\Dev-maven-repository\com\fasterxml\classmate\1.3.4\classmate-1.3.4.jar;E:\Dev-maven-repository\com\squareup\okhttp3\okhttp\4.9.0\okhttp-4.9.0.jar;E:\Dev-maven-repository\com\squareup\okio\okio\2.8.0\okio-2.8.0.jar;E:\Dev-maven-repository\org\jetbrains\kotlin\kotlin-stdlib\1.3.70\kotlin-stdlib-1.3.70.jar;E:\Dev-maven-repository\org\jetbrains\kotlin\kotlin-stdlib-common\1.3.70\kotlin-stdlib-common-1.3.70.jar;E:\Dev-maven-repository\org\jetbrains\annotations\13.0\annotations-13.0.jar;E:\Dev-maven-repository\com\google\code\gson\gson\2.8.5\gson-2.8.5.jar;E:\Dev-maven-repository\org\apache\commons\commons-lang3\3.6\commons-lang3-3.6.jar;E:\Dev-maven-repository\commons-collections\commons-collections\3.2\commons-collections-3.2.jar;E:\Dev-maven-repository\commons-codec\commons-codec\1.10\commons-codec-1.10.jar;"/>
    <property name="sun.cpu.endian" value="little"/>
    <property name="user.home" value="C:\Users\MECHREVO"/>
    <property name="user.language" value="zh"/>
    <property name="java.specification.vendor" value="Oracle Corporation"/>
    <property name="java.home" value="C:\Program Files\Java\jdk1.8.0_161\jre"/>
    <property name="basedir" value="E:\project\payment-sdk-parent\pay-core"/>
    <property name="file.separator" value="\"/>
    <property name="line.separator" value="&#10;"/>
    <property name="java.vm.specification.vendor" value="Oracle Corporation"/>
    <property name="java.specification.name" value="Java Platform API Specification"/>
    <property name="java.awt.graphicsenv" value="sun.awt.Win32GraphicsEnvironment"/>
    <property name="surefire.real.class.path" value="C:\Users\MECHREVO\AppData\Local\Temp\surefire566623912707083\surefirebooter9126777473874162930.jar"/>
    <property name="sun.boot.class.path" value="C:\Program Files\Java\jdk1.8.0_161\jre\lib\resources.jar;C:\Program Files\Java\jdk1.8.0_161\jre\lib\rt.jar;C:\Program Files\Java\jdk1.8.0_161\jre\lib\sunrsasign.jar;C:\Program Files\Java\jdk1.8.0_161\jre\lib\jsse.jar;C:\Program Files\Java\jdk1.8.0_161\jre\lib\jce.jar;C:\Program Files\Java\jdk1.8.0_161\jre\lib\charsets.jar;C:\Program Files\Java\jdk1.8.0_161\jre\lib\jfr.jar;C:\Program Files\Java\jdk1.8.0_161\jre\classes"/>
    <property name="user.script" value=""/>
    <property name="sun.management.compiler" value="HotSpot 64-Bit Tiered Compilers"/>
    <property name="java.runtime.version" value="1.8.0_161-b12"/>
    <property name="user.name" value="MECHREVO"/>
    <property name="path.separator" value=";"/>
    <property name="os.version" value="10.0"/>
    <property name="java.endorsed.dirs" value="C:\Program Files\Java\jdk1.8.0_161\jre\lib\endorsed"/>
    <property name="java.runtime.name" value="Java(TM) SE Runtime Environment"/>
    <property name="file.encoding" value="GBK"/>
    <property name="java.vm.name" value="Java HotSpot(TM) 64-Bit Server VM"/>
    <property name="localRepository" value="E:\Dev-maven-repository"/>
    <property name="java.vendor.url.bug" value="http://bugreport.sun.com/bugreport/"/>
    <property name="java.io.tmpdir" value="C:\Users\MECHREVO\AppData\Local\Temp\"/>
    <property name="java.version" value="1.8.0_161"/>
    <property name="user.dir" value="E:\project\payment-sdk-parent\pay-core"/>
    <property name="os.arch" value="amd64"/>
    <property name="java.vm.specification.name" value="Java Virtual Machine Specification"/>
    <property name="java.awt.printerjob" value="sun.awt.windows.WPrinterJob"/>
    <property name="sun.os.patch.level" value=""/>
    <property name="java.library.path" value="C:\Program Files\Java\jdk1.8.0_161\jre\bin;C:\WINDOWS\Sun\Java\bin;C:\WINDOWS\system32;C:\WINDOWS;D:\app\MECHREVO\product\11.2.0\dbhome_1\bin;C:\ProgramData\Oracle\Java\javapath;C:\WINDOWS\system32;C:\WINDOWS;C:\WINDOWS\system32\wbem;C:\WINDOWS\system32\windowspowershell\v1.0\;C:\WINDOWS\system32\openssh\;C:\Program Files\Java\jdk1.8.0_161\bin;E:\apache-maven-3.6.3\bin;&quot;;E:\apache-tomcat-9.0.30-windows-x64\apache-tomcat-9.0.30\lib;E:\apache-tomcat-9.0.30-windows-x64\apache-tomcat-9.0.30\bin;E:\apache-maven-3.6.3\bin;c:\program files\ibm\gsk8\lib64;c:\program files (x86)\ibm\gsk8\lib;D:\Program Files\IBM\SQLLIB\BIN;D:\Program Files\IBM\SQLLIB\FUNCTION;D:\Program Files\IBM\SQLLIB\SAMPLES\REPL;D:\Program Files\nodejs\;C:\rocket\bin;C:\WINDOWS\system32;C:\WINDOWS;C:\WINDOWS\System32\Wbem;C:\WINDOWS\System32\WindowsPowerShell\v1.0\;C:\WINDOWS\System32\OpenSSH\&quot;;D:\Program Files\Git\cmd;C:\Users\MECHREVO\AppData\Local\Microsoft\WindowsApps;C:\Users\MECHREVO\AppData\Roaming\npm;;."/>
    <property name="java.vm.info" value="mixed mode"/>
    <property name="java.vendor" value="Oracle Corporation"/>
    <property name="java.vm.version" value="25.161-b12"/>
    <property name="java.ext.dirs" value="C:\Program Files\Java\jdk1.8.0_161\jre\lib\ext;C:\WINDOWS\Sun\Java\lib\ext"/>
    <property name="sun.io.unicode.encoding" value="UnicodeLittle"/>
    <property name="java.class.version" value="52.0"/>
  </properties>
</testsuite>